Release 14.6 - xst P.68d (nt64)
Copyright (c) 1995-2013 Xilinx, Inc.  All rights reserved.
--> Parameter TMPDIR set to xst/projnav.tmp


Total REAL time to Xst completion: 0.00 secs
Total CPU time to Xst completion: 0.19 secs
 
--> Parameter xsthdpdir set to xst


Total REAL time to Xst completion: 0.00 secs
Total CPU time to Xst completion: 0.20 secs
 
--> Reading design: multiplication.prj

TABLE OF CONTENTS
  1) Synthesis Options Summary
  2) HDL Parsing
  3) HDL Elaboration
  4) HDL Synthesis
       4.1) HDL Synthesis Report
  5) Advanced HDL Synthesis
       5.1) Advanced HDL Synthesis Report
  6) Low Level Synthesis
  7) Partition Report
  8) Design Summary
       8.1) Primitive and Black Box Usage
       8.2) Device utilization summary
       8.3) Partition Resource Summary
       8.4) Timing Report
            8.4.1) Clock Information
            8.4.2) Asynchronous Control Signals Information
            8.4.3) Timing Summary
            8.4.4) Timing Details
            8.4.5) Cross Clock Domains Report


=========================================================================
*                      Synthesis Options Summary                        *
=========================================================================
---- Source Parameters
Input File Name                    : "multiplication.prj"
Ignore Synthesis Constraint File   : NO

---- Target Parameters
Output File Name                   : "multiplication"
Output Format                      : NGC
Target Device                      : xc6slx100-3-fgg676

---- Source Options
Top Module Name                    : multiplication
Automatic FSM Extraction           : YES
FSM Encoding Algorithm             : Auto
Safe Implementation                : No
FSM Style                          : LUT
RAM Extraction                     : Yes
RAM Style                          : Auto
ROM Extraction                     : Yes
Shift Register Extraction          : YES
ROM Style                          : Auto
Resource Sharing                   : YES
Asynchronous To Synchronous        : NO
Shift Register Minimum Size        : 2
Use DSP Block                      : Auto
Automatic Register Balancing       : No

---- Target Options
LUT Combining                      : Auto
Reduce Control Sets                : Auto
Add IO Buffers                     : YES
Global Maximum Fanout              : 100000
Add Generic Clock Buffer(BUFG)     : 16
Register Duplication               : YES
Optimize Instantiated Primitives   : NO
Use Clock Enable                   : Auto
Use Synchronous Set                : Auto
Use Synchronous Reset              : Auto
Pack IO Registers into IOBs        : Auto
Equivalent register Removal        : YES

---- General Options
Optimization Goal                  : Speed
Optimization Effort                : 1
Power Reduction                    : NO
Keep Hierarchy                     : No
Netlist Hierarchy                  : As_Optimized
RTL Output                         : Yes
Global Optimization                : AllClockNets
Read Cores                         : YES
Write Timing Constraints           : NO
Cross Clock Analysis               : NO
Hierarchy Separator                : /
Bus Delimiter                      : <>
Case Specifier                     : Maintain
Slice Utilization Ratio            : 100
BRAM Utilization Ratio             : 100
DSP48 Utilization Ratio            : 100
Auto BRAM Packing                  : NO
Slice Utilization Ratio Delta      : 5

---- Other Options
Cores Search Directories           : {"ipcore_dir"  }

=========================================================================


=========================================================================
*                          HDL Parsing                                  *
=========================================================================
Analyzing Verilog file "C:\Users\lx\Desktop\CPU_works\FPGA\MULX\ipcore_dir\Mutiplier.v" into library work
Parsing module <Mutiplier>.
Parsing VHDL file "C:\Users\lx\Desktop\CPU_works\FPGA\MULX\Mutiplication.vhd" into library work
Parsing entity <multiplication>.
Parsing architecture <Behavioral> of entity <multiplication>.

=========================================================================
*                            HDL Elaboration                            *
=========================================================================

Elaborating entity <multiplication> (architecture <Behavioral>) from library <work>.
Going to verilog side to elaborate module Mutiplier

Elaborating module <Mutiplier>.
Back to vhdl to continue elaboration

=========================================================================
*                           HDL Synthesis                               *
=========================================================================

Synthesizing Unit <multiplication>.
    Related source file is "C:\Users\lx\Desktop\CPU_works\FPGA\MULX\Mutiplication.vhd".
    Found 64-bit register for signal <R>.
    Found 1-bit register for signal <ready>.
    Found 4-bit register for signal <condi>.
    Found 4-bit adder for signal <condi[3]_GND_6_o_add_5_OUT> created at line 84.
    Found 4-bit comparator greater for signal <condi[3]_PWR_6_o_LessThan_1_o> created at line 77
    Summary:
	inferred   1 Adder/Subtractor(s).
	inferred  69 D-type flip-flop(s).
	inferred   1 Comparator(s).
Unit <multiplication> synthesized.

=========================================================================
HDL Synthesis Report

Macro Statistics
# Adders/Subtractors                                   : 1
 4-bit adder                                           : 1
# Registers                                            : 3
 1-bit register                                        : 1
 4-bit register                                        : 1
 64-bit register                                       : 1
# Comparators                                          : 1
 4-bit comparator greater                              : 1

=========================================================================

=========================================================================
*                       Advanced HDL Synthesis                          *
=========================================================================

Reading core <ipcore_dir/Mutiplier.ngc>.
Reading Secure Unit <blk00000001>.
Loading core <Mutiplier> for timing and area information for instance <multiplier1>.

Synthesizing (advanced) Unit <multiplication>.
The following registers are absorbed into counter <condi>: 1 register on signal <condi>.
Unit <multiplication> synthesized (advanced).

=========================================================================
Advanced HDL Synthesis Report

Macro Statistics
# Counters                                             : 1
 4-bit up counter                                      : 1
# Registers                                            : 65
 Flip-Flops                                            : 65
# Comparators                                          : 1
 4-bit comparator greater                              : 1

=========================================================================

=========================================================================
*                         Low Level Synthesis                           *
=========================================================================

Optimizing unit <multiplication> ...

Mapping all equations...
Building and optimizing final netlist ...
Found area constraint ratio of 100 (+ 5) on block multiplication, actual ratio is 0.

Final Macro Processing ...

=========================================================================
Final Register Report

Macro Statistics
# Registers                                            : 69
 Flip-Flops                                            : 69

=========================================================================

=========================================================================
*                           Partition Report                            *
=========================================================================

Partition Implementation Status
-------------------------------

  No Partitions were found in this design.

-------------------------------

=========================================================================
*                            Design Summary                             *
=========================================================================

Top Level Output File Name         : multiplication.ngc

Primitive and Black Box Usage:
------------------------------
# BELS                             : 3814
#      GND                         : 1
#      INV                         : 3
#      LUT1                        : 50
#      LUT2                        : 518
#      LUT3                        : 1
#      LUT4                        : 498
#      LUT6                        : 64
#      MULT_AND                    : 528
#      MUXCY                       : 1062
#      XORCY                       : 1089
# FlipFlops/Latches                : 133
#      FD                          : 64
#      FDC                         : 4
#      FDCE                        : 65
# Clock Buffers                    : 1
#      BUFGP                       : 1
# IO Buffers                       : 131
#      IBUF                        : 66
#      OBUF                        : 65

Device utilization summary:
---------------------------

Selected Device : 6slx100fgg676-3 


Slice Logic Utilization: 
 Number of Slice Registers:             133  out of  126576     0%  
 Number of Slice LUTs:                 1134  out of  63288     1%  
    Number used as Logic:              1134  out of  63288     1%  

Slice Logic Distribution: 
 Number of LUT Flip Flop pairs used:   1198
   Number with an unused Flip Flop:    1065  out of   1198    88%  
   Number with an unused LUT:            64  out of   1198     5%  
   Number of fully used LUT-FF pairs:    69  out of   1198     5%  
   Number of unique control sets:         4

IO Utilization: 
 Number of IOs:                         132
 Number of bonded IOBs:                 132  out of    480    27%  

Specific Feature Utilization:
 Number of BUFG/BUFGCTRLs:                1  out of     16     6%  

---------------------------
Partition Resource Summary:
---------------------------

  No Partitions were found in this design.

---------------------------


=========================================================================
Timing Report

NOTE: THESE TIMING NUMBERS ARE ONLY A SYNTHESIS ESTIMATE.
      FOR ACCURATE TIMING INFORMATION PLEASE REFER TO THE TRACE REPORT
      GENERATED AFTER PLACE-and-ROUTE.

Clock Information:
------------------
-----------------------------------+------------------------+-------+
Clock Signal                       | Clock buffer(FF name)  | Load  |
-----------------------------------+------------------------+-------+
CLK                                | BUFGP                  | 133   |
-----------------------------------+------------------------+-------+

Asynchronous Control Signals Information:
----------------------------------------
No asynchronous control signals found in this design

Timing Summary:
---------------
Speed Grade: -3

   Minimum period: 3.024ns (Maximum Frequency: 330.672MHz)
   Minimum input arrival time before clock: 9.485ns
   Maximum output required time after clock: 3.634ns
   Maximum combinational path delay: No path found

Timing Details:
---------------
All values displayed in nanoseconds (ns)

=========================================================================
Timing constraint: Default period analysis for Clock 'CLK'
  Clock period: 3.024ns (frequency: 330.672MHz)
  Total number of paths / destination ports: 399 / 134
-------------------------------------------------------------------------
Delay:               3.024ns (Levels of Logic = 1)
  Source:            condi_0 (FF)
  Destination:       R_0 (FF)
  Source Clock:      CLK rising
  Destination Clock: CLK rising

  Data Path: condi_0 to R_0
                                Gate     Net
    Cell:in->out      fanout   Delay   Delay  Logical Name (Net Name)
    ----------------------------------------  ------------
     FDC:C->Q              6   0.447   0.744  condi_0 (condi_0)
     INV:I->O             33   0.206   1.305  Mcount_condi_xor<0>11_INV_0 (Result<0>)
     FDCE:CE                   0.322          R_0
    ----------------------------------------
    Total                      3.024ns (0.975ns logic, 2.049ns route)
                                       (32.2% logic, 67.8% route)

=========================================================================
Timing constraint: Default OFFSET IN BEFORE for Clock 'CLK'
  Total number of paths / destination ports: 11881630354 / 197
-------------------------------------------------------------------------
Offset:              9.485ns (Levels of Logic = 72)
  Source:            A<0> (PAD)
  Destination:       sec_inst (FF)
  Destination Clock: CLK rising

  Data Path: A<0> to sec_inst
                                Gate     Net
    Cell:in->out      fanout   Delay   Delay  Logical Name (Net Name)
    ----------------------------------------  ------------
     IBUF:I->O            32   1.222   1.539  A_0_IBUF (A_0_IBUF)
     begin scope: 'multiplier1:a<0>'
     begin scope: 'multiplier1/blk00000001:A<0>'
     SEC:in->out           1   0.203   0.000  sec_inst (sec_net)
     SEC:in->out           1   0.172   0.000  sec_inst (sec_net)
     SEC:in->out           1   0.019   0.000  sec_inst (sec_net)
     SEC:in->out           1   0.019   0.000  sec_inst (sec_net)
     SEC:in->out           1   0.019   0.000  sec_inst (sec_net)
     SEC:in->out           1   0.019   0.000  sec_inst (sec_net)
     SEC:in->out           1   0.019   0.000  sec_inst (sec_net)
     SEC:in->out           1   0.019   0.000  sec_inst (sec_net)
     SEC:in->out           1   0.019   0.000  sec_inst (sec_net)
     SEC:in->out           1   0.019   0.000  sec_inst (sec_net)
     SEC:in->out           1   0.019   0.000  sec_inst (sec_net)
     SEC:in->out           1   0.019   0.000  sec_inst (sec_net)
     SEC:in->out           1   0.019   0.000  sec_inst (sec_net)
     SEC:in->out           1   0.019   0.000  sec_inst (sec_net)
     SEC:in->out           1   0.019   0.000  sec_inst (sec_net)
     SEC:in->out           1   0.019   0.000  sec_inst (sec_net)
     SEC:in->out           1   0.019   0.000  sec_inst (sec_net)
     SEC:in->out           1   0.019   0.000  sec_inst (sec_net)
     SEC:in->out           1   0.019   0.000  sec_inst (sec_net)
     SEC:in->out           1   0.019   0.000  sec_inst (sec_net)
     SEC:in->out           1   0.019   0.000  sec_inst (sec_net)
     SEC:in->out           1   0.019   0.000  sec_inst (sec_net)
     SEC:in->out           1   0.019   0.000  sec_inst (sec_net)
     SEC:in->out           1   0.019   0.000  sec_inst (sec_net)
     SEC:in->out           1   0.019   0.000  sec_inst (sec_net)
     SEC:in->out           1   0.019   0.000  sec_inst (sec_net)
     SEC:in->out           1   0.019   0.000  sec_inst (sec_net)
     SEC:in->out           1   0.019   0.000  sec_inst (sec_net)
     SEC:in->out           1   0.019   0.000  sec_inst (sec_net)
     SEC:in->out           1   0.019   0.000  sec_inst (sec_net)
     SEC:in->out           1   0.019   0.000  sec_inst (sec_net)
     SEC:in->out           1   0.019   0.000  sec_inst (sec_net)
     SEC:in->out           0   0.019   0.000  sec_inst (sec_net)
     SEC:in->out           1   0.180   0.684  sec_inst (sec_net)
     SEC:in->out           1   0.203   0.000  sec_inst (sec_net)
     SEC:in->out           1   0.172   0.000  sec_inst (sec_net)
     SEC:in->out           0   0.019   0.000  sec_inst (sec_net)
     SEC:in->out           1   0.180   0.684  sec_inst (sec_net)
     SEC:in->out           1   0.203   0.000  sec_inst (sec_net)
     SEC:in->out           1   0.172   0.000  sec_inst (sec_net)
     SEC:in->out           1   0.019   0.000  sec_inst (sec_net)
     SEC:in->out           1   0.019   0.000  sec_inst (sec_net)
     SEC:in->out           1   0.019   0.000  sec_inst (sec_net)
     SEC:in->out           1   0.213   0.684  sec_inst (sec_net)
     SEC:in->out           1   0.203   0.000  sec_inst (sec_net)
     SEC:in->out           1   0.172   0.000  sec_inst (sec_net)
     SEC:in->out           1   0.019   0.000  sec_inst (sec_net)
     SEC:in->out           1   0.019   0.000  sec_inst (sec_net)
     SEC:in->out           1   0.019   0.000  sec_inst (sec_net)
     SEC:in->out           1   0.019   0.000  sec_inst (sec_net)
     SEC:in->out           1   0.019   0.000  sec_inst (sec_net)
     SEC:in->out           1   0.019   0.000  sec_inst (sec_net)
     SEC:in->out           1   0.019   0.000  sec_inst (sec_net)
     SEC:in->out           1   0.213   0.684  sec_inst (sec_net)
     SEC:in->out           1   0.203   0.000  sec_inst (sec_net)
     SEC:in->out           1   0.172   0.000  sec_inst (sec_net)
     SEC:in->out           1   0.019   0.000  sec_inst (sec_net)
     SEC:in->out           1   0.019   0.000  sec_inst (sec_net)
     SEC:in->out           1   0.019   0.000  sec_inst (sec_net)
     SEC:in->out           1   0.019   0.000  sec_inst (sec_net)
     SEC:in->out           1   0.019   0.000  sec_inst (sec_net)
     SEC:in->out           1   0.019   0.000  sec_inst (sec_net)
     SEC:in->out           1   0.019   0.000  sec_inst (sec_net)
     SEC:in->out           1   0.019   0.000  sec_inst (sec_net)
     SEC:in->out           1   0.019   0.000  sec_inst (sec_net)
     SEC:in->out           1   0.019   0.000  sec_inst (sec_net)
     SEC:in->out           1   0.019   0.000  sec_inst (sec_net)
     SEC:in->out           1   0.019   0.000  sec_inst (sec_net)
     SEC:in->out           0   0.019   0.000  sec_inst (sec_net)
     SEC:in->out           1   0.180   0.000  sec_inst (sec_net)
     SEC:in                    0.102          sec_inst
    ----------------------------------------
    Total                      9.485ns (5.210ns logic, 4.275ns route)
                                       (54.9% logic, 45.1% route)

=========================================================================
Timing constraint: Default OFFSET OUT AFTER for Clock 'CLK'
  Total number of paths / destination ports: 65 / 65
-------------------------------------------------------------------------
Offset:              3.634ns (Levels of Logic = 1)
  Source:            R_63 (FF)
  Destination:       R<63> (PAD)
  Source Clock:      CLK rising

  Data Path: R_63 to R<63>
                                Gate     Net
    Cell:in->out      fanout   Delay   Delay  Logical Name (Net Name)
    ----------------------------------------  ------------
     FDCE:C->Q             2   0.447   0.616  R_63 (R_63)
     OBUF:I->O                 2.571          R_63_OBUF (R<63>)
    ----------------------------------------
    Total                      3.634ns (3.018ns logic, 0.616ns route)
                                       (83.0% logic, 17.0% route)

=========================================================================

Cross Clock Domains Report:
--------------------------

Clock to Setup on destination clock CLK
---------------+---------+---------+---------+---------+
               | Src:Rise| Src:Fall| Src:Rise| Src:Fall|
Source Clock   |Dest:Rise|Dest:Rise|Dest:Fall|Dest:Fall|
---------------+---------+---------+---------+---------+
CLK            |    3.024|         |         |         |
---------------+---------+---------+---------+---------+

=========================================================================


Total REAL time to Xst completion: 12.00 secs
Total CPU time to Xst completion: 11.40 secs
 
--> 

Total memory usage is 279636 kilobytes

Number of errors   :    0 (   0 filtered)
Number of warnings :    0 (   0 filtered)
Number of infos    :    0 (   0 filtered)

