Release 14.6 - xst P.68d (nt64)
Copyright (c) 1995-2013 Xilinx, Inc.  All rights reserved.
--> Parameter TMPDIR set to xst/projnav.tmp


Total REAL time to Xst completion: 0.00 secs
Total CPU time to Xst completion: 0.19 secs
 
--> Parameter xsthdpdir set to xst


Total REAL time to Xst completion: 0.00 secs
Total CPU time to Xst completion: 0.19 secs
 
--> Reading design: ALU.prj

TABLE OF CONTENTS
  1) Synthesis Options Summary
  2) HDL Parsing
  3) HDL Elaboration
  4) HDL Synthesis
       4.1) HDL Synthesis Report
  5) Advanced HDL Synthesis
       5.1) Advanced HDL Synthesis Report
  6) Low Level Synthesis
  7) Partition Report
  8) Design Summary
       8.1) Primitive and Black Box Usage
       8.2) Device utilization summary
       8.3) Partition Resource Summary
       8.4) Timing Report
            8.4.1) Clock Information
            8.4.2) Asynchronous Control Signals Information
            8.4.3) Timing Summary
            8.4.4) Timing Details
            8.4.5) Cross Clock Domains Report


=========================================================================
*                      Synthesis Options Summary                        *
=========================================================================
---- Source Parameters
Input File Name                    : "ALU.prj"
Ignore Synthesis Constraint File   : NO

---- Target Parameters
Output File Name                   : "ALU"
Output Format                      : NGC
Target Device                      : xc6slx100-3-fgg676

---- Source Options
Top Module Name                    : ALU
Automatic FSM Extraction           : YES
FSM Encoding Algorithm             : Auto
Safe Implementation                : No
FSM Style                          : LUT
RAM Extraction                     : Yes
RAM Style                          : Auto
ROM Extraction                     : Yes
Shift Register Extraction          : YES
ROM Style                          : Auto
Resource Sharing                   : YES
Asynchronous To Synchronous        : NO
Shift Register Minimum Size        : 2
Use DSP Block                      : Auto
Automatic Register Balancing       : No

---- Target Options
LUT Combining                      : Auto
Reduce Control Sets                : Auto
Add IO Buffers                     : YES
Global Maximum Fanout              : 100000
Add Generic Clock Buffer(BUFG)     : 16
Register Duplication               : YES
Optimize Instantiated Primitives   : NO
Use Clock Enable                   : Auto
Use Synchronous Set                : Auto
Use Synchronous Reset              : Auto
Pack IO Registers into IOBs        : Auto
Equivalent register Removal        : YES

---- General Options
Optimization Goal                  : Speed
Optimization Effort                : 1
Power Reduction                    : NO
Keep Hierarchy                     : No
Netlist Hierarchy                  : As_Optimized
RTL Output                         : Yes
Global Optimization                : AllClockNets
Read Cores                         : YES
Write Timing Constraints           : NO
Cross Clock Analysis               : NO
Hierarchy Separator                : /
Bus Delimiter                      : <>
Case Specifier                     : Maintain
Slice Utilization Ratio            : 100
BRAM Utilization Ratio             : 100
DSP48 Utilization Ratio            : 100
Auto BRAM Packing                  : NO
Slice Utilization Ratio Delta      : 5

=========================================================================


=========================================================================
*                          HDL Parsing                                  *
=========================================================================
Parsing VHDL file "C:\Users\lx\Desktop\CPU_works\FPGA\CPU_project\ALU.vhd" into library work
Parsing entity <ALU>.
Parsing architecture <Behavioral> of entity <alu>.

=========================================================================
*                            HDL Elaboration                            *
=========================================================================

Elaborating entity <ALU> (architecture <Behavioral>) from library <work>.

=========================================================================
*                           HDL Synthesis                               *
=========================================================================

Synthesizing Unit <ALU>.
    Related source file is "C:\Users\lx\Desktop\CPU_works\FPGA\CPU_project\ALU.vhd".
    Found 32-bit adder for signal <srcA[31]_srcB[31]_add_0_OUT> created at line 49.
    Found 32-bit subtractor for signal <GND_6_o_GND_6_o_sub_2_OUT<31:0>> created at line 51.
    Found 32-bit shifter logical left for signal <srcA[31]_srcB[31]_shift_left_6_OUT> created at line 61
    Found 32-bit shifter arithmetic right for signal <srcA[31]_srcB[31]_shift_right_7_OUT> created at line 63
    Found 32-bit shifter logical right for signal <srcA[31]_srcB[31]_shift_right_8_OUT> created at line 65
    Found 32-bit 13-to-1 multiplexer for signal <result> created at line 47.
    Found 32-bit comparator greater for signal <srcB[31]_srcA[31]_LessThan_11_o> created at line 69
    Found 32-bit comparator equal for signal <srcA[31]_srcB[31]_equal_14_o> created at line 75
    Found 32-bit comparator greater for signal <srcA[31]_srcB[31]_LessThan_15_o> created at line 77
    Summary:
	inferred   1 Adder/Subtractor(s).
	inferred   3 Comparator(s).
	inferred  16 Multiplexer(s).
	inferred   3 Combinational logic shifter(s).
Unit <ALU> synthesized.

=========================================================================
HDL Synthesis Report

Macro Statistics
# Adders/Subtractors                                   : 1
 32-bit addsub                                         : 1
# Comparators                                          : 3
 32-bit comparator equal                               : 1
 32-bit comparator greater                             : 2
# Multiplexers                                         : 16
 32-bit 2-to-1 multiplexer                             : 16
# Logic shifters                                       : 3
 32-bit shifter arithmetic right                       : 1
 32-bit shifter logical left                           : 1
 32-bit shifter logical right                          : 1
# Xors                                                 : 1
 32-bit xor2                                           : 1

=========================================================================
INFO:Xst:1767 - HDL ADVISOR - Resource sharing has identified that some arithmetic operations in this design can share the same physical resources for reduced device utilization. For improved clock frequency you may try to disable resource sharing.

=========================================================================
*                       Advanced HDL Synthesis                          *
=========================================================================


=========================================================================
Advanced HDL Synthesis Report

Macro Statistics
# Adders/Subtractors                                   : 1
 32-bit addsub                                         : 1
# Comparators                                          : 3
 32-bit comparator equal                               : 1
 32-bit comparator greater                             : 2
# Multiplexers                                         : 16
 32-bit 2-to-1 multiplexer                             : 16
# Logic shifters                                       : 3
 32-bit shifter arithmetic right                       : 1
 32-bit shifter logical left                           : 1
 32-bit shifter logical right                          : 1
# Xors                                                 : 1
 32-bit xor2                                           : 1

=========================================================================

=========================================================================
*                         Low Level Synthesis                           *
=========================================================================

Optimizing unit <ALU> ...

Mapping all equations...
Building and optimizing final netlist ...
Found area constraint ratio of 100 (+ 5) on block ALU, actual ratio is 1.

Final Macro Processing ...

=========================================================================
Final Register Report

Found no macro
=========================================================================

=========================================================================
*                           Partition Report                            *
=========================================================================

Partition Implementation Status
-------------------------------

  No Partitions were found in this design.

-------------------------------

=========================================================================
*                            Design Summary                             *
=========================================================================

Top Level Output File Name         : ALU.ngc

Primitive and Black Box Usage:
------------------------------
# BELS                             : 585
#      GND                         : 1
#      LUT2                        : 3
#      LUT3                        : 82
#      LUT4                        : 78
#      LUT5                        : 94
#      LUT6                        : 217
#      MUXCY                       : 72
#      MUXF7                       : 5
#      VCC                         : 1
#      XORCY                       : 32
# IO Buffers                       : 100
#      IBUF                        : 68
#      OBUF                        : 32

Device utilization summary:
---------------------------

Selected Device : 6slx100fgg676-3 


Slice Logic Utilization: 
 Number of Slice LUTs:                  474  out of  63288     0%  
    Number used as Logic:               474  out of  63288     0%  

Slice Logic Distribution: 
 Number of LUT Flip Flop pairs used:    474
   Number with an unused Flip Flop:     474  out of    474   100%  
   Number with an unused LUT:             0  out of    474     0%  
   Number of fully used LUT-FF pairs:     0  out of    474     0%  
   Number of unique control sets:         0

IO Utilization: 
 Number of IOs:                         100
 Number of bonded IOBs:                 100  out of    480    20%  

Specific Feature Utilization:

---------------------------
Partition Resource Summary:
---------------------------

  No Partitions were found in this design.

---------------------------


=========================================================================
Timing Report

NOTE: THESE TIMING NUMBERS ARE ONLY A SYNTHESIS ESTIMATE.
      FOR ACCURATE TIMING INFORMATION PLEASE REFER TO THE TRACE REPORT
      GENERATED AFTER PLACE-and-ROUTE.

Clock Information:
------------------
No clock signals found in this design

Asynchronous Control Signals Information:
----------------------------------------
No asynchronous control signals found in this design

Timing Summary:
---------------
Speed Grade: -3

   Minimum period: No path found
   Minimum input arrival time before clock: No path found
   Maximum output required time after clock: No path found
   Maximum combinational path delay: 13.173ns

Timing Details:
---------------
All values displayed in nanoseconds (ns)

=========================================================================
Timing constraint: Default path analysis
  Total number of paths / destination ports: 18426 / 32
-------------------------------------------------------------------------
Delay:               13.173ns (Levels of Logic = 23)
  Source:            srcB<2> (PAD)
  Destination:       result<12> (PAD)

  Data Path: srcB<2> to result<12>
                                Gate     Net
    Cell:in->out      fanout   Delay   Delay  Logical Name (Net Name)
    ----------------------------------------  ------------
     IBUF:I->O           109   1.222   2.148  srcB_2_IBUF (srcB_2_IBUF)
     LUT4:I0->O            1   0.203   0.000  Mcompar_srcB[31]_srcA[31]_LessThan_11_o_lut<1> (Mcompar_srcB[31]_srcA[31]_LessThan_11_o_lut<1>)
     MUXCY:S->O            1   0.172   0.000  Mcompar_srcB[31]_srcA[31]_LessThan_11_o_cy<1> (Mcompar_srcB[31]_srcA[31]_LessThan_11_o_cy<1>)
     MUXCY:CI->O           1   0.019   0.000  Mcompar_srcB[31]_srcA[31]_LessThan_11_o_cy<2> (Mcompar_srcB[31]_srcA[31]_LessThan_11_o_cy<2>)
     MUXCY:CI->O           1   0.019   0.000  Mcompar_srcB[31]_srcA[31]_LessThan_11_o_cy<3> (Mcompar_srcB[31]_srcA[31]_LessThan_11_o_cy<3>)
     MUXCY:CI->O           1   0.019   0.000  Mcompar_srcB[31]_srcA[31]_LessThan_11_o_cy<4> (Mcompar_srcB[31]_srcA[31]_LessThan_11_o_cy<4>)
     MUXCY:CI->O           1   0.019   0.000  Mcompar_srcB[31]_srcA[31]_LessThan_11_o_cy<5> (Mcompar_srcB[31]_srcA[31]_LessThan_11_o_cy<5>)
     MUXCY:CI->O           1   0.019   0.000  Mcompar_srcB[31]_srcA[31]_LessThan_11_o_cy<6> (Mcompar_srcB[31]_srcA[31]_LessThan_11_o_cy<6>)
     MUXCY:CI->O           1   0.019   0.000  Mcompar_srcB[31]_srcA[31]_LessThan_11_o_cy<7> (Mcompar_srcB[31]_srcA[31]_LessThan_11_o_cy<7>)
     MUXCY:CI->O           1   0.019   0.000  Mcompar_srcB[31]_srcA[31]_LessThan_11_o_cy<8> (Mcompar_srcB[31]_srcA[31]_LessThan_11_o_cy<8>)
     MUXCY:CI->O           1   0.019   0.000  Mcompar_srcB[31]_srcA[31]_LessThan_11_o_cy<9> (Mcompar_srcB[31]_srcA[31]_LessThan_11_o_cy<9>)
     MUXCY:CI->O           1   0.019   0.000  Mcompar_srcB[31]_srcA[31]_LessThan_11_o_cy<10> (Mcompar_srcB[31]_srcA[31]_LessThan_11_o_cy<10>)
     MUXCY:CI->O           1   0.019   0.000  Mcompar_srcB[31]_srcA[31]_LessThan_11_o_cy<11> (Mcompar_srcB[31]_srcA[31]_LessThan_11_o_cy<11>)
     MUXCY:CI->O           1   0.019   0.000  Mcompar_srcB[31]_srcA[31]_LessThan_11_o_cy<12> (Mcompar_srcB[31]_srcA[31]_LessThan_11_o_cy<12>)
     MUXCY:CI->O           1   0.019   0.000  Mcompar_srcB[31]_srcA[31]_LessThan_11_o_cy<13> (Mcompar_srcB[31]_srcA[31]_LessThan_11_o_cy<13>)
     MUXCY:CI->O           1   0.213   0.580  Mcompar_srcB[31]_srcA[31]_LessThan_11_o_cy<14> (Mcompar_srcB[31]_srcA[31]_LessThan_11_o_cy<14>)
     LUT5:I4->O            1   0.205   0.827  Mcompar_srcB[31]_srcA[31]_LessThan_11_o_cy<15> (Mcompar_srcB[31]_srcA[31]_LessThan_11_o_cy<15>)
     LUT6:I2->O           19   0.203   1.072  Mmux_result12121 (Mmux_result12121)
     LUT4:I3->O           13   0.205   0.933  Mmux_result122421 (Mmux_result12242)
     LUT6:I5->O            2   0.205   0.617  Mmux_result12911 (Mmux_result1291)
     LUT6:I5->O            1   0.205   0.580  Mmux_result12123 (Mmux_result12122)
     LUT5:I4->O            1   0.205   0.579  Mmux_result12127 (result_12_OBUF)
     OBUF:I->O                 2.571          result_12_OBUF (result<12>)
    ----------------------------------------
    Total                     13.173ns (5.837ns logic, 7.336ns route)
                                       (44.3% logic, 55.7% route)

=========================================================================

Cross Clock Domains Report:
--------------------------

=========================================================================


Total REAL time to Xst completion: 12.00 secs
Total CPU time to Xst completion: 11.95 secs
 
--> 

Total memory usage is 271916 kilobytes

Number of errors   :    0 (   0 filtered)
Number of warnings :    0 (   0 filtered)
Number of infos    :    1 (   0 filtered)

