Release 14.6 - xst P.68d (nt64)
Copyright (c) 1995-2013 Xilinx, Inc.  All rights reserved.
--> Parameter TMPDIR set to xst/projnav.tmp


Total REAL time to Xst completion: 0.00 secs
Total CPU time to Xst completion: 0.39 secs
 
--> Parameter xsthdpdir set to xst


Total REAL time to Xst completion: 0.00 secs
Total CPU time to Xst completion: 0.39 secs
 
--> Reading design: MUL.prj

TABLE OF CONTENTS
  1) Synthesis Options Summary
  2) HDL Parsing
  3) HDL Elaboration
  4) HDL Synthesis
       4.1) HDL Synthesis Report
  5) Advanced HDL Synthesis
       5.1) Advanced HDL Synthesis Report
  6) Low Level Synthesis
  7) Partition Report
  8) Design Summary
       8.1) Primitive and Black Box Usage
       8.2) Device utilization summary
       8.3) Partition Resource Summary
       8.4) Timing Report
            8.4.1) Clock Information
            8.4.2) Asynchronous Control Signals Information
            8.4.3) Timing Summary
            8.4.4) Timing Details
            8.4.5) Cross Clock Domains Report


=========================================================================
*                      Synthesis Options Summary                        *
=========================================================================
---- Source Parameters
Input File Name                    : "MUL.prj"
Ignore Synthesis Constraint File   : NO

---- Target Parameters
Output File Name                   : "MUL"
Output Format                      : NGC
Target Device                      : xc6slx100-3-fgg676

---- Source Options
Top Module Name                    : MUL
Automatic FSM Extraction           : YES
FSM Encoding Algorithm             : Auto
Safe Implementation                : No
FSM Style                          : LUT
RAM Extraction                     : Yes
RAM Style                          : Auto
ROM Extraction                     : Yes
Shift Register Extraction          : YES
ROM Style                          : Auto
Resource Sharing                   : YES
Asynchronous To Synchronous        : NO
Shift Register Minimum Size        : 2
Use DSP Block                      : Auto
Automatic Register Balancing       : No

---- Target Options
LUT Combining                      : Auto
Reduce Control Sets                : Auto
Add IO Buffers                     : YES
Global Maximum Fanout              : 100000
Add Generic Clock Buffer(BUFG)     : 16
Register Duplication               : YES
Optimize Instantiated Primitives   : NO
Use Clock Enable                   : Auto
Use Synchronous Set                : Auto
Use Synchronous Reset              : Auto
Pack IO Registers into IOBs        : Auto
Equivalent register Removal        : YES

---- General Options
Optimization Goal                  : Speed
Optimization Effort                : 1
Power Reduction                    : NO
Keep Hierarchy                     : No
Netlist Hierarchy                  : As_Optimized
RTL Output                         : Yes
Global Optimization                : AllClockNets
Read Cores                         : YES
Write Timing Constraints           : NO
Cross Clock Analysis               : NO
Hierarchy Separator                : /
Bus Delimiter                      : <>
Case Specifier                     : Maintain
Slice Utilization Ratio            : 100
BRAM Utilization Ratio             : 100
DSP48 Utilization Ratio            : 100
Auto BRAM Packing                  : NO
Slice Utilization Ratio Delta      : 5

=========================================================================


=========================================================================
*                          HDL Parsing                                  *
=========================================================================
Parsing VHDL file "C:\Users\lx\Desktop\CPU_works\FPGA\CPU_project\MUL.vhd" into library work
Parsing entity <MUL>.
Parsing architecture <Behavioral> of entity <mul>.

=========================================================================
*                            HDL Elaboration                            *
=========================================================================

Elaborating entity <MUL> (architecture <Behavioral>) from library <work>.
INFO:HDLCompiler:679 - "C:\Users\lx\Desktop\CPU_works\FPGA\CPU_project\MUL.vhd" Line 95. Case statement is complete. others clause is never selected

=========================================================================
*                           HDL Synthesis                               *
=========================================================================

Synthesizing Unit <MUL>.
    Related source file is "C:\Users\lx\Desktop\CPU_works\FPGA\CPU_project\MUL.vhd".
    Found 64-bit register for signal <R>.
    Found 64-bit register for signal <ans>.
    Found 1-bit register for signal <c>.
    Found 2-bit register for signal <state>.
    Found 1-bit register for signal <ready>.
    Found 5-bit register for signal <cond>.
    Found finite state machine <FSM_0> for signal <state>.
    -----------------------------------------------------------------------
    | States             | 3                                              |
    | Transitions        | 4                                              |
    | Inputs             | 1                                              |
    | Outputs            | 3                                              |
    | Clock              | clk (rising_edge)                              |
    | Reset              | start_rst_OR_77_o (positive)                   |
    | Reset type         | asynchronous                                   |
    | Reset State        | st0                                            |
    | Power Up State     | st0                                            |
    | Encoding           | auto                                           |
    | Implementation     | LUT                                            |
    -----------------------------------------------------------------------
    Found 32-bit adder for signal <ans[63]_A[31]_add_0_OUT> created at line 76.
    Found 5-bit adder for signal <cond[4]_GND_5_o_add_2_OUT> created at line 82.
    Found 32-bit subtractor for signal <GND_5_o_GND_5_o_sub_2_OUT<31:0>> created at line 78.
    Found 64-bit 3-to-1 multiplexer for signal <state[1]_X_5_o_wide_mux_6_OUT> created at line 67.
    Summary:
	inferred   3 Adder/Subtractor(s).
	inferred 135 D-type flip-flop(s).
	inferred 129 Multiplexer(s).
	inferred   1 Finite State Machine(s).
Unit <MUL> synthesized.

=========================================================================
HDL Synthesis Report

Macro Statistics
# Adders/Subtractors                                   : 3
 32-bit adder                                          : 1
 32-bit subtractor                                     : 1
 5-bit adder                                           : 1
# Registers                                            : 5
 1-bit register                                        : 2
 5-bit register                                        : 1
 64-bit register                                       : 2
# Multiplexers                                         : 129
 1-bit 2-to-1 multiplexer                              : 128
 64-bit 3-to-1 multiplexer                             : 1
# FSMs                                                 : 1

=========================================================================

=========================================================================
*                       Advanced HDL Synthesis                          *
=========================================================================


Synthesizing (advanced) Unit <MUL>.
The following registers are absorbed into counter <cond>: 1 register on signal <cond>.
Unit <MUL> synthesized (advanced).

=========================================================================
Advanced HDL Synthesis Report

Macro Statistics
# Adders/Subtractors                                   : 2
 32-bit adder                                          : 1
 32-bit subtractor                                     : 1
# Counters                                             : 1
 5-bit up counter                                      : 1
# Registers                                            : 130
 Flip-Flops                                            : 130
# Multiplexers                                         : 129
 1-bit 2-to-1 multiplexer                              : 128
 64-bit 3-to-1 multiplexer                             : 1
# FSMs                                                 : 1

=========================================================================

=========================================================================
*                         Low Level Synthesis                           *
=========================================================================
INFO:Xst:2261 - The FF/Latch <R_62> in Unit <MUL> is equivalent to the following FF/Latch, which will be removed : <R_63> 
Analyzing FSM <MFsm> for best encoding.
Optimizing FSM <FSM_0> on signal <state[1:2]> with user encoding.
-------------------
 State | Encoding
-------------------
 st0   | 00
 st1   | 01
 st2   | 10
-------------------

Optimizing unit <MUL> ...

Mapping all equations...
Building and optimizing final netlist ...
Found area constraint ratio of 100 (+ 5) on block MUL, actual ratio is 0.
FlipFlop state_FSM_FFd1 has been replicated 1 time(s)
FlipFlop state_FSM_FFd2 has been replicated 1 time(s)

Final Macro Processing ...

=========================================================================
Final Register Report

Macro Statistics
# Registers                                            : 138
 Flip-Flops                                            : 138

=========================================================================

=========================================================================
*                           Partition Report                            *
=========================================================================

Partition Implementation Status
-------------------------------

  No Partitions were found in this design.

-------------------------------

=========================================================================
*                            Design Summary                             *
=========================================================================

Top Level Output File Name         : MUL.ngc

Primitive and Black Box Usage:
------------------------------
# BELS                             : 373
#      GND                         : 1
#      INV                         : 2
#      LUT2                        : 70
#      LUT3                        : 65
#      LUT4                        : 2
#      LUT5                        : 35
#      LUT6                        : 71
#      MUXCY                       : 62
#      VCC                         : 1
#      XORCY                       : 64
# FlipFlops/Latches                : 138
#      FDC                         : 70
#      FDCE                        : 68
# Clock Buffers                    : 1
#      BUFGP                       : 1
# IO Buffers                       : 131
#      IBUF                        : 66
#      OBUF                        : 65

Device utilization summary:
---------------------------

Selected Device : 6slx100fgg676-3 


Slice Logic Utilization: 
 Number of Slice Registers:             138  out of  126576     0%  
 Number of Slice LUTs:                  245  out of  63288     0%  
    Number used as Logic:               245  out of  63288     0%  

Slice Logic Distribution: 
 Number of LUT Flip Flop pairs used:    248
   Number with an unused Flip Flop:     110  out of    248    44%  
   Number with an unused LUT:             3  out of    248     1%  
   Number of fully used LUT-FF pairs:   135  out of    248    54%  
   Number of unique control sets:         3

IO Utilization: 
 Number of IOs:                         132
 Number of bonded IOBs:                 132  out of    480    27%  

Specific Feature Utilization:
 Number of BUFG/BUFGCTRLs:                1  out of     16     6%  

---------------------------
Partition Resource Summary:
---------------------------

  No Partitions were found in this design.

---------------------------


=========================================================================
Timing Report

NOTE: THESE TIMING NUMBERS ARE ONLY A SYNTHESIS ESTIMATE.
      FOR ACCURATE TIMING INFORMATION PLEASE REFER TO THE TRACE REPORT
      GENERATED AFTER PLACE-and-ROUTE.

Clock Information:
------------------
-----------------------------------+------------------------+-------+
Clock Signal                       | Clock buffer(FF name)  | Load  |
-----------------------------------+------------------------+-------+
clk                                | BUFGP                  | 138   |
-----------------------------------+------------------------+-------+

Asynchronous Control Signals Information:
----------------------------------------
No asynchronous control signals found in this design

Timing Summary:
---------------
Speed Grade: -3

   Minimum period: 4.597ns (Maximum Frequency: 217.557MHz)
   Minimum input arrival time before clock: 4.614ns
   Maximum output required time after clock: 3.668ns
   Maximum combinational path delay: No path found

Timing Details:
---------------
All values displayed in nanoseconds (ns)

=========================================================================
Timing constraint: Default period analysis for Clock 'clk'
  Clock period: 4.597ns (frequency: 217.557MHz)
  Total number of paths / destination ports: 3599 / 206
-------------------------------------------------------------------------
Delay:               4.597ns (Levels of Logic = 4)
  Source:            cond_4 (FF)
  Destination:       ans_45 (FF)
  Source Clock:      clk rising
  Destination Clock: clk rising

  Data Path: cond_4 to ans_45
                                Gate     Net
    Cell:in->out      fanout   Delay   Delay  Logical Name (Net Name)
    ----------------------------------------  ------------
     FDCE:C->Q             4   0.447   1.028  cond_4 (cond_4)
     LUT5:I0->O            2   0.203   0.617  cond[4]_GND_5_o_equal_4_o<4>1_1 (cond[4]_GND_5_o_equal_4_o<4>1)
     LUT5:I4->O           16   0.205   1.005  Mmux_state[1]_X_5_o_wide_mux_6_OUT2611 (Mmux_state[1]_X_5_o_wide_mux_6_OUT261)
     LUT5:I4->O            1   0.205   0.580  Mmux_state[1]_X_5_o_wide_mux_6_OUT401 (Mmux_state[1]_X_5_o_wide_mux_6_OUT40)
     LUT6:I5->O            1   0.205   0.000  Mmux_state[1]_X_5_o_wide_mux_6_OUT403 (state[1]_X_5_o_wide_mux_6_OUT<45>)
     FDC:D                     0.102          ans_45
    ----------------------------------------
    Total                      4.597ns (1.367ns logic, 3.229ns route)
                                       (29.7% logic, 70.3% route)

=========================================================================
Timing constraint: Default OFFSET IN BEFORE for Clock 'clk'
  Total number of paths / destination ports: 1364 / 265
-------------------------------------------------------------------------
Offset:              4.614ns (Levels of Logic = 12)
  Source:            A<0> (PAD)
  Destination:       ans_39 (FF)
  Destination Clock: clk rising

  Data Path: A<0> to ans_39
                                Gate     Net
    Cell:in->out      fanout   Delay   Delay  Logical Name (Net Name)
    ----------------------------------------  ------------
     IBUF:I->O             2   1.222   0.721  A_0_IBUF (A_0_IBUF)
     LUT2:I0->O            1   0.203   0.000  Msub_GND_5_o_GND_5_o_sub_2_OUT<31:0>_lut<0> (Msub_GND_5_o_GND_5_o_sub_2_OUT<31:0>_lut<0>)
     MUXCY:S->O            1   0.172   0.000  Msub_GND_5_o_GND_5_o_sub_2_OUT<31:0>_cy<0> (Msub_GND_5_o_GND_5_o_sub_2_OUT<31:0>_cy<0>)
     MUXCY:CI->O           1   0.019   0.000  Msub_GND_5_o_GND_5_o_sub_2_OUT<31:0>_cy<1> (Msub_GND_5_o_GND_5_o_sub_2_OUT<31:0>_cy<1>)
     MUXCY:CI->O           1   0.019   0.000  Msub_GND_5_o_GND_5_o_sub_2_OUT<31:0>_cy<2> (Msub_GND_5_o_GND_5_o_sub_2_OUT<31:0>_cy<2>)
     MUXCY:CI->O           1   0.019   0.000  Msub_GND_5_o_GND_5_o_sub_2_OUT<31:0>_cy<3> (Msub_GND_5_o_GND_5_o_sub_2_OUT<31:0>_cy<3>)
     MUXCY:CI->O           1   0.019   0.000  Msub_GND_5_o_GND_5_o_sub_2_OUT<31:0>_cy<4> (Msub_GND_5_o_GND_5_o_sub_2_OUT<31:0>_cy<4>)
     MUXCY:CI->O           1   0.019   0.000  Msub_GND_5_o_GND_5_o_sub_2_OUT<31:0>_cy<5> (Msub_GND_5_o_GND_5_o_sub_2_OUT<31:0>_cy<5>)
     MUXCY:CI->O           1   0.019   0.000  Msub_GND_5_o_GND_5_o_sub_2_OUT<31:0>_cy<6> (Msub_GND_5_o_GND_5_o_sub_2_OUT<31:0>_cy<6>)
     XORCY:CI->O           1   0.180   0.684  Msub_GND_5_o_GND_5_o_sub_2_OUT<31:0>_xor<7> (GND_5_o_GND_5_o_sub_2_OUT<7>)
     LUT6:I4->O            1   0.203   0.808  Mmux_state[1]_X_5_o_wide_mux_6_OUT333_SW0 (N88)
     LUT6:I3->O            1   0.205   0.000  Mmux_state[1]_X_5_o_wide_mux_6_OUT333 (state[1]_X_5_o_wide_mux_6_OUT<39>)
     FDC:D                     0.102          ans_39
    ----------------------------------------
    Total                      4.614ns (2.401ns logic, 2.213ns route)
                                       (52.0% logic, 48.0% route)

=========================================================================
Timing constraint: Default OFFSET OUT AFTER for Clock 'clk'
  Total number of paths / destination ports: 65 / 65
-------------------------------------------------------------------------
Offset:              3.668ns (Levels of Logic = 1)
  Source:            R_62 (FF)
  Destination:       R<63> (PAD)
  Source Clock:      clk rising

  Data Path: R_62 to R<63>
                                Gate     Net
    Cell:in->out      fanout   Delay   Delay  Logical Name (Net Name)
    ----------------------------------------  ------------
     FDCE:C->Q             3   0.447   0.650  R_62 (R_62)
     OBUF:I->O                 2.571          R_63_OBUF (R<63>)
    ----------------------------------------
    Total                      3.668ns (3.018ns logic, 0.650ns route)
                                       (82.3% logic, 17.7% route)

=========================================================================

Cross Clock Domains Report:
--------------------------

Clock to Setup on destination clock clk
---------------+---------+---------+---------+---------+
               | Src:Rise| Src:Fall| Src:Rise| Src:Fall|
Source Clock   |Dest:Rise|Dest:Rise|Dest:Fall|Dest:Fall|
---------------+---------+---------+---------+---------+
clk            |    4.597|         |         |         |
---------------+---------+---------+---------+---------+

=========================================================================


Total REAL time to Xst completion: 13.00 secs
Total CPU time to Xst completion: 13.59 secs
 
--> 

Total memory usage is 270020 kilobytes

Number of errors   :    0 (   0 filtered)
Number of warnings :    0 (   0 filtered)
Number of infos    :    1 (   0 filtered)

