Release 14.6 - xst P.68d (nt64)
Copyright (c) 1995-2013 Xilinx, Inc.  All rights reserved.
--> Parameter TMPDIR set to xst/projnav.tmp


Total REAL time to Xst completion: 0.00 secs
Total CPU time to Xst completion: 0.19 secs
 
--> Parameter xsthdpdir set to xst


Total REAL time to Xst completion: 0.00 secs
Total CPU time to Xst completion: 0.19 secs
 
--> Reading design: Clock.prj

TABLE OF CONTENTS
  1) Synthesis Options Summary
  2) HDL Parsing
  3) HDL Elaboration
  4) HDL Synthesis
       4.1) HDL Synthesis Report
  5) Advanced HDL Synthesis
       5.1) Advanced HDL Synthesis Report
  6) Low Level Synthesis
  7) Partition Report
  8) Design Summary
       8.1) Primitive and Black Box Usage
       8.2) Device utilization summary
       8.3) Partition Resource Summary
       8.4) Timing Report
            8.4.1) Clock Information
            8.4.2) Asynchronous Control Signals Information
            8.4.3) Timing Summary
            8.4.4) Timing Details
            8.4.5) Cross Clock Domains Report


=========================================================================
*                      Synthesis Options Summary                        *
=========================================================================
---- Source Parameters
Input File Name                    : "Clock.prj"
Ignore Synthesis Constraint File   : NO

---- Target Parameters
Output File Name                   : "Clock"
Output Format                      : NGC
Target Device                      : xc6slx100-3-fgg676

---- Source Options
Top Module Name                    : Clock
Automatic FSM Extraction           : YES
FSM Encoding Algorithm             : Auto
Safe Implementation                : No
FSM Style                          : LUT
RAM Extraction                     : Yes
RAM Style                          : Auto
ROM Extraction                     : Yes
Shift Register Extraction          : YES
ROM Style                          : Auto
Resource Sharing                   : YES
Asynchronous To Synchronous        : NO
Shift Register Minimum Size        : 2
Use DSP Block                      : Auto
Automatic Register Balancing       : No

---- Target Options
LUT Combining                      : Auto
Reduce Control Sets                : Auto
Add IO Buffers                     : YES
Global Maximum Fanout              : 100000
Add Generic Clock Buffer(BUFG)     : 16
Register Duplication               : YES
Optimize Instantiated Primitives   : NO
Use Clock Enable                   : Auto
Use Synchronous Set                : Auto
Use Synchronous Reset              : Auto
Pack IO Registers into IOBs        : Auto
Equivalent register Removal        : YES

---- General Options
Optimization Goal                  : Speed
Optimization Effort                : 1
Power Reduction                    : NO
Keep Hierarchy                     : No
Netlist Hierarchy                  : As_Optimized
RTL Output                         : Yes
Global Optimization                : AllClockNets
Read Cores                         : YES
Write Timing Constraints           : NO
Cross Clock Analysis               : NO
Hierarchy Separator                : /
Bus Delimiter                      : <>
Case Specifier                     : Maintain
Slice Utilization Ratio            : 100
BRAM Utilization Ratio             : 100
DSP48 Utilization Ratio            : 100
Auto BRAM Packing                  : NO
Slice Utilization Ratio Delta      : 5

=========================================================================


=========================================================================
*                          HDL Parsing                                  *
=========================================================================
Parsing VHDL file "C:\Users\lx\Desktop\CPU_works\FPGA\CPU_project\Clock.vhd" into library work
Parsing entity <Clock>.
Parsing architecture <Behavioral> of entity <clock>.

=========================================================================
*                            HDL Elaboration                            *
=========================================================================

Elaborating entity <Clock> (architecture <Behavioral>) from library <work>.
INFO:HDLCompiler:679 - "C:\Users\lx\Desktop\CPU_works\FPGA\CPU_project\Clock.vhd" Line 81. Case statement is complete. others clause is never selected

=========================================================================
*                           HDL Synthesis                               *
=========================================================================

Synthesizing Unit <Clock>.
    Related source file is "C:\Users\lx\Desktop\CPU_works\FPGA\CPU_project\Clock.vhd".
    Found 1-bit register for signal <counter>.
    Found 1-bit 4-to-1 multiplexer for signal <clk_cpu> created at line 56.
    Summary:
	inferred   1 D-type flip-flop(s).
	inferred   8 Multiplexer(s).
Unit <Clock> synthesized.

=========================================================================
HDL Synthesis Report

Macro Statistics
# Registers                                            : 1
 1-bit register                                        : 1
# Multiplexers                                         : 8
 1-bit 2-to-1 multiplexer                              : 7
 1-bit 4-to-1 multiplexer                              : 1

=========================================================================

=========================================================================
*                       Advanced HDL Synthesis                          *
=========================================================================


=========================================================================
Advanced HDL Synthesis Report

Macro Statistics
# Registers                                            : 1
 Flip-Flops                                            : 1
# Multiplexers                                         : 8
 1-bit 2-to-1 multiplexer                              : 7
 1-bit 4-to-1 multiplexer                              : 1

=========================================================================

=========================================================================
*                         Low Level Synthesis                           *
=========================================================================

Optimizing unit <Clock> ...

Mapping all equations...
Building and optimizing final netlist ...
Found area constraint ratio of 100 (+ 5) on block Clock, actual ratio is 0.

Final Macro Processing ...

=========================================================================
Final Register Report

Macro Statistics
# Registers                                            : 1
 Flip-Flops                                            : 1

=========================================================================

=========================================================================
*                           Partition Report                            *
=========================================================================

Partition Implementation Status
-------------------------------

  No Partitions were found in this design.

-------------------------------

=========================================================================
*                            Design Summary                             *
=========================================================================

Top Level Output File Name         : Clock.ngc

Primitive and Black Box Usage:
------------------------------
# BELS                             : 3
#      INV                         : 1
#      LUT5                        : 1
#      LUT6                        : 1
# FlipFlops/Latches                : 1
#      FD                          : 1
# Clock Buffers                    : 1
#      BUFG                        : 1
# IO Buffers                       : 8
#      IBUF                        : 6
#      OBUF                        : 2

Device utilization summary:
---------------------------

Selected Device : 6slx100fgg676-3 


Slice Logic Utilization: 
 Number of Slice Registers:               1  out of  126576     0%  
 Number of Slice LUTs:                    3  out of  63288     0%  
    Number used as Logic:                 3  out of  63288     0%  

Slice Logic Distribution: 
 Number of LUT Flip Flop pairs used:      4
   Number with an unused Flip Flop:       3  out of      4    75%  
   Number with an unused LUT:             1  out of      4    25%  
   Number of fully used LUT-FF pairs:     0  out of      4     0%  
   Number of unique control sets:         1

IO Utilization: 
 Number of IOs:                           8
 Number of bonded IOBs:                   8  out of    480     1%  

Specific Feature Utilization:
 Number of BUFG/BUFGCTRLs:                1  out of     16     6%  

---------------------------
Partition Resource Summary:
---------------------------

  No Partitions were found in this design.

---------------------------


=========================================================================
Timing Report

NOTE: THESE TIMING NUMBERS ARE ONLY A SYNTHESIS ESTIMATE.
      FOR ACCURATE TIMING INFORMATION PLEASE REFER TO THE TRACE REPORT
      GENERATED AFTER PLACE-and-ROUTE.

Clock Information:
------------------
-----------------------------------+------------------------+-------+
Clock Signal                       | Clock buffer(FF name)  | Load  |
-----------------------------------+------------------------+-------+
clk50                              | IBUF+BUFG              | 1     |
-----------------------------------+------------------------+-------+

Asynchronous Control Signals Information:
----------------------------------------
No asynchronous control signals found in this design

Timing Summary:
---------------
Speed Grade: -3

   Minimum period: 1.984ns (Maximum Frequency: 504.007MHz)
   Minimum input arrival time before clock: No path found
   Maximum output required time after clock: 4.681ns
   Maximum combinational path delay: 5.556ns

Timing Details:
---------------
All values displayed in nanoseconds (ns)

=========================================================================
Timing constraint: Default period analysis for Clock 'clk50'
  Clock period: 1.984ns (frequency: 504.007MHz)
  Total number of paths / destination ports: 1 / 1
-------------------------------------------------------------------------
Delay:               1.984ns (Levels of Logic = 1)
  Source:            counter (FF)
  Destination:       counter (FF)
  Source Clock:      clk50 rising
  Destination Clock: clk50 rising

  Data Path: counter to counter
                                Gate     Net
    Cell:in->out      fanout   Delay   Delay  Logical Name (Net Name)
    ----------------------------------------  ------------
     FD:C->Q               3   0.447   0.650  counter (counter)
     INV:I->O              1   0.206   0.579  counter_INV_1_o1_INV_0 (counter_INV_1_o)
     FD:D                      0.102          counter
    ----------------------------------------
    Total                      1.984ns (0.755ns logic, 1.229ns route)
                                       (38.1% logic, 61.9% route)

=========================================================================
Timing constraint: Default OFFSET OUT AFTER for Clock 'clk50'
  Total number of paths / destination ports: 2 / 2
-------------------------------------------------------------------------
Offset:              4.681ns (Levels of Logic = 2)
  Source:            counter (FF)
  Destination:       clk_cpu (PAD)
  Source Clock:      clk50 rising

  Data Path: counter to clk_cpu
                                Gate     Net
    Cell:in->out      fanout   Delay   Delay  Logical Name (Net Name)
    ----------------------------------------  ------------
     FD:C->Q               3   0.447   0.879  counter (counter)
     LUT6:I3->O            1   0.205   0.579  Mmux_clk_mm11 (clk_mm_OBUF)
     OBUF:I->O                 2.571          clk_mm_OBUF (clk_mm)
    ----------------------------------------
    Total                      4.681ns (3.223ns logic, 1.458ns route)
                                       (68.9% logic, 31.1% route)

=========================================================================
Timing constraint: Default path analysis
  Total number of paths / destination ports: 9 / 2
-------------------------------------------------------------------------
Delay:               5.556ns (Levels of Logic = 3)
  Source:            clk_flag<2> (PAD)
  Destination:       clk_mm (PAD)

  Data Path: clk_flag<2> to clk_mm
                                Gate     Net
    Cell:in->out      fanout   Delay   Delay  Logical Name (Net Name)
    ----------------------------------------  ------------
     IBUF:I->O             2   1.222   0.981  clk_flag_2_IBUF (clk_flag_2_IBUF)
     LUT6:I0->O            1   0.203   0.579  Mmux_clk_mm11 (clk_mm_OBUF)
     OBUF:I->O                 2.571          clk_mm_OBUF (clk_mm)
    ----------------------------------------
    Total                      5.556ns (3.996ns logic, 1.560ns route)
                                       (71.9% logic, 28.1% route)

=========================================================================

Cross Clock Domains Report:
--------------------------

Clock to Setup on destination clock clk50
---------------+---------+---------+---------+---------+
               | Src:Rise| Src:Fall| Src:Rise| Src:Fall|
Source Clock   |Dest:Rise|Dest:Rise|Dest:Fall|Dest:Fall|
---------------+---------+---------+---------+---------+
clk50          |    1.984|         |         |         |
---------------+---------+---------+---------+---------+

=========================================================================


Total REAL time to Xst completion: 8.00 secs
Total CPU time to Xst completion: 8.03 secs
 
--> 

Total memory usage is 269908 kilobytes

Number of errors   :    0 (   0 filtered)
Number of warnings :    0 (   0 filtered)
Number of infos    :    0 (   0 filtered)

